<?xml version="1.0" encoding="UTF-8"?>
<!-- Generated by org.testng.reporters.JUnitReportReporter -->
<testsuite hostname="HYDPCM452447L" failures="0" tests="1" name="packAndGoPackage.LoginVerification" time="5.268" errors="0" timestamp="2023-06-14T11:04:34 IST" skipped="0">
  <testcase classname="packAndGoPackage.LoginVerification" name="f" time="5.268"/>
  <system-out/>
</testsuite> <!-- packAndGoPackage.LoginVerification -->
